<?xml version="1.0" encoding="UTF-8"?>
<!-- Generated by org.testng.reporters.JUnitReportReporter -->
<testsuite hostname="DESKTOP-N3CT9SA" failures="0" tests="1" name="git.NewTest1" time="32.508" errors="0" timestamp="2022-12-03T16:15:42 EST" skipped="0">
  <testcase classname="git.NewTest1" name="f" time="32.508"/>
  <system-out/>
</testsuite> <!-- git.NewTest1 -->
