<?xml version="1.0" encoding="UTF-8"?>
<!-- Generated by org.testng.reporters.JUnitReportReporter -->
<testsuite hostname="DESKTOP-N3CT9SA" failures="0" tests="1" name="git.iphone" time="33.833" errors="0" timestamp="2022-12-03T16:22:23 EST" skipped="0">
  <testcase classname="git.iphone" name="f" time="33.833"/>
  <system-out/>
</testsuite> <!-- git.iphone -->
