<?xml version="1.0" encoding="UTF-8"?>
<!-- Generated by org.testng.reporters.JUnitReportReporter -->
<testsuite hostname="DESKTOP-N3CT9SA" failures="0" tests="1" name="git.NewTest" time="20.091" errors="0" timestamp="2022-12-03T16:20:40 EST" skipped="0">
  <testcase classname="git.NewTest" name="f" time="20.091"/>
  <system-out/>
</testsuite> <!-- git.NewTest -->
